\BOOKMARK [1][-]{section.1}{Environments}{}% 1
\BOOKMARK [2][-]{subsection.1.1}{Timetable}{section.1}% 2
\BOOKMARK [3][-]{subsubsection.1.1.1}{Usage}{subsection.1.1}% 3
\BOOKMARK [3][-]{subsubsection.1.1.2}{Change colors}{subsection.1.1}% 4
\BOOKMARK [2][-]{subsection.1.2}{Legend}{section.1}% 5
\BOOKMARK [2][-]{subsection.1.3}{Appointments}{section.1}% 6
\BOOKMARK [3][-]{subsubsection.1.3.1}{Usage}{subsection.1.3}% 7
\BOOKMARK [3][-]{subsubsection.1.3.2}{Arguments}{subsection.1.3}% 8
\BOOKMARK [2][-]{subsection.1.4}{Deadlines}{section.1}% 9
\BOOKMARK [2][-]{subsection.1.5}{Exams}{section.1}% 10
\BOOKMARK [2][-]{subsection.1.6}{Checkboxes}{section.1}% 11
\BOOKMARK [1][-]{section.2}{User Commands}{}% 12
\BOOKMARK [2][-]{subsection.2.1}{Priority}{section.2}% 13
\BOOKMARK [2][-]{subsection.2.2}{Online Platforms}{section.2}% 14
\BOOKMARK [2][-]{subsection.2.3}{Exam Types}{section.2}% 15
\BOOKMARK [2][-]{subsection.2.4}{Misc}{section.2}% 16
\BOOKMARK [1][-]{section.3}{Examples}{}% 17
\BOOKMARK [2][-]{subsection.3.1}{Timetable}{section.3}% 18
\BOOKMARK [2][-]{subsection.3.2}{Legend}{section.3}% 19
\BOOKMARK [2][-]{subsection.3.3}{Appointments}{section.3}% 20
\BOOKMARK [2][-]{subsection.3.4}{Deadlines}{section.3}% 21
\BOOKMARK [2][-]{subsection.3.5}{Exams}{section.3}% 22
